Using pre-set license
Built from '2021.3/staging' branch; Version is '2021.3.16f1 (4016570cf34f) revision 4200023'; Using compiler version '192829333'; Build Type 'Release'
OS: 'Windows 10  (10.0.19045) 64bit Professional' Language: 'es' Physical Memory: 16267 MB
BatchMode: 1, IsHumanControllingUs: 0, StartBugReporterOnCrash: 0, Is64bit: 1, IsPro: 1

COMMAND LINE ARGUMENTS:
C:\Program Files\Unity\Hub\Editor\2021.3.16f1\Editor\Unity.exe
-adb2
-batchMode
-noUpm
-name
AssetImportWorker0
-projectPath
C:/Users/Gus/Documents/GitHub/Spooky-halloween/Spooky-Halloween
-logFile
Logs/AssetImportWorker0.log
-srvPort
56888
Successfully changed project path to: C:/Users/Gus/Documents/GitHub/Spooky-halloween/Spooky-Halloween
C:/Users/Gus/Documents/GitHub/Spooky-halloween/Spooky-Halloween
[UnityMemory] Configuration Parameters - Can be set up in boot.config
    "memorysetup-bucket-allocator-granularity=16"
    "memorysetup-bucket-allocator-bucket-count=8"
    "memorysetup-bucket-allocator-block-size=33554432"
    "memorysetup-bucket-allocator-block-count=8"
    "memorysetup-main-allocator-block-size=16777216"
    "memorysetup-thread-allocator-block-size=16777216"
    "memorysetup-gfx-main-allocator-block-size=16777216"
    "memorysetup-gfx-thread-allocator-block-size=16777216"
    "memorysetup-cache-allocator-block-size=4194304"
    "memorysetup-typetree-allocator-block-size=2097152"
    "memorysetup-profiler-bucket-allocator-granularity=16"
    "memorysetup-profiler-bucket-allocator-bucket-count=8"
    "memorysetup-profiler-bucket-allocator-block-size=33554432"
    "memorysetup-profiler-bucket-allocator-block-count=8"
    "memorysetup-profiler-allocator-block-size=16777216"
    "memorysetup-profiler-editor-allocator-block-size=1048576"
    "memorysetup-temp-allocator-size-main=16777216"
    "memorysetup-job-temp-allocator-block-size=2097152"
    "memorysetup-job-temp-allocator-block-size-background=1048576"
    "memorysetup-job-temp-allocator-reduction-small-platforms=262144"
    "memorysetup-temp-allocator-size-background-worker=32768"
    "memorysetup-temp-allocator-size-job-worker=262144"
    "memorysetup-temp-allocator-size-preload-manager=33554432"
    "memorysetup-temp-allocator-size-nav-mesh-worker=65536"
    "memorysetup-temp-allocator-size-audio-worker=65536"
    "memorysetup-temp-allocator-size-cloud-worker=32768"
    "memorysetup-temp-allocator-size-gi-baking-worker=262144"
    "memorysetup-temp-allocator-size-gfx=262144"
Player connection [6080] Host "[IP] 192.168.1.101 [Port] 0 [Flags] 2 [Guid] 1816063064 [EditorId] 1816063064 [Version] 1048832 [Id] WindowsEditor(7,DESKTOP-AL6CVPT) [Debug] 1 [PackageName] WindowsEditor [ProjectName] Editor" joined multi-casting on [225.0.0.222:54997]...

Player connection [6080] Host "[IP] 192.168.1.101 [Port] 0 [Flags] 2 [Guid] 1816063064 [EditorId] 1816063064 [Version] 1048832 [Id] WindowsEditor(7,DESKTOP-AL6CVPT) [Debug] 1 [PackageName] WindowsEditor [ProjectName] Editor" joined alternative multi-casting on [225.0.0.222:34997]...

Refreshing native plugins compatible for Editor in 116.69 ms, found 3 plugins.
Preloading 0 native plugins for Editor in 0.00 ms.
Initialize engine version: 2021.3.16f1 (4016570cf34f)
[Subsystems] Discovering subsystems at path C:/Program Files/Unity/Hub/Editor/2021.3.16f1/Editor/Data/Resources/UnitySubsystems
[Subsystems] Discovering subsystems at path C:/Users/Gus/Documents/GitHub/Spooky-halloween/Spooky-Halloween/Assets
GfxDevice: creating device client; threaded=0; jobified=0
Direct3D:
    Version:  Direct3D 11.0 [level 11.1]
    Renderer: NVIDIA GeForce GTX 1060 (ID=0x1c20)
    Vendor:   NVIDIA
    VRAM:     6052 MB
    Driver:   24.21.13.9901
Initialize mono
Mono path[0] = 'C:/Program Files/Unity/Hub/Editor/2021.3.16f1/Editor/Data/Managed'
Mono path[1] = 'C:/Program Files/Unity/Hub/Editor/2021.3.16f1/Editor/Data/MonoBleedingEdge/lib/mono/unityjit-win32'
Mono config path = 'C:/Program Files/Unity/Hub/Editor/2021.3.16f1/Editor/Data/MonoBleedingEdge/etc'
Using monoOptions --debugger-agent=transport=dt_socket,embedding=1,server=y,suspend=n,address=127.0.0.1:56196
Begin MonoManager ReloadAssembly
Registering precompiled unity dll's ...
Register platform support module: C:/Program Files/Unity/Hub/Editor/2021.3.16f1/Editor/Data/PlaybackEngines/WebGLSupport/UnityEditor.WebGL.Extensions.dll
Register platform support module: C:/Program Files/Unity/Hub/Editor/2021.3.16f1/Editor/Data/PlaybackEngines/WindowsStandaloneSupport/UnityEditor.WindowsStandalone.Extensions.dll
Registered in 0.011554 seconds.
Native extension for WindowsStandalone target not found
Native extension for WebGL target not found
Refreshing native plugins compatible for Editor in 114.83 ms, found 3 plugins.
Preloading 0 native plugins for Editor in 0.00 ms.
Mono: successfully reloaded assembly
- Completed reload, in  1.873 seconds
Domain Reload Profiling:
	ReloadAssembly (1874ms)
		BeginReloadAssembly (108ms)
			ExecutionOrderSort (0ms)
			DisableScriptedObjects (0ms)
			BackupInstance (0ms)
			ReleaseScriptingObjects (0ms)
			CreateAndSetChildDomain (1ms)
		EndReloadAssembly (1614ms)
			LoadAssemblies (106ms)
			RebuildTransferFunctionScriptingTraits (0ms)
			SetupTypeCache (149ms)
			ReleaseScriptCaches (0ms)
			RebuildScriptCaches (41ms)
			SetupLoadedEditorAssemblies (1352ms)
				LogAssemblyErrors (0ms)
				InitializePlatformSupportModulesInManaged (12ms)
				SetLoadedEditorAssemblies (0ms)
				RefreshPlugins (115ms)
				BeforeProcessingInitializeOnLoad (1ms)
				ProcessInitializeOnLoadAttributes (203ms)
				ProcessInitializeOnLoadMethodAttributes (1020ms)
				AfterProcessingInitializeOnLoad (0ms)
				EditorAssembliesLoaded (0ms)
			ExecutionOrderSort2 (0ms)
			AwakeInstancesAfterBackupRestoration (0ms)
Platform modules already initialized, skipping
Registering precompiled user dll's ...
Registered in 0.008612 seconds.
Begin MonoManager ReloadAssembly
Symbol file LoadedFromMemory doesn't match image C:\Users\Gus\Documents\GitHub\Spooky-halloween\Spooky-Halloween\Library\PackageCache\com.unity.visualscripting@1.7.8\Editor\VisualScripting.Core\Dependencies\YamlDotNet\Unity.VisualScripting.YamlDotNet.dll
Symbol file LoadedFromMemory doesn't match image C:\Users\Gus\Documents\GitHub\Spooky-halloween\Spooky-Halloween\Library\PackageCache\com.unity.visualscripting@1.7.8\Editor\VisualScripting.Core\Dependencies\DotNetZip\Unity.VisualScripting.IonicZip.dll
Native extension for WindowsStandalone target not found
Native extension for WebGL target not found
Refreshing native plugins compatible for Editor in 0.66 ms, found 3 plugins.
Preloading 0 native plugins for Editor in 0.00 ms.
Mono: successfully reloaded assembly
- Completed reload, in  1.449 seconds
Domain Reload Profiling:
	ReloadAssembly (1450ms)
		BeginReloadAssembly (159ms)
			ExecutionOrderSort (0ms)
			DisableScriptedObjects (10ms)
			BackupInstance (0ms)
			ReleaseScriptingObjects (0ms)
			CreateAndSetChildDomain (24ms)
		EndReloadAssembly (1139ms)
			LoadAssemblies (106ms)
			RebuildTransferFunctionScriptingTraits (0ms)
			SetupTypeCache (383ms)
			ReleaseScriptCaches (1ms)
			RebuildScriptCaches (95ms)
			SetupLoadedEditorAssemblies (512ms)
				LogAssemblyErrors (0ms)
				InitializePlatformSupportModulesInManaged (9ms)
				SetLoadedEditorAssemblies (1ms)
				RefreshPlugins (1ms)
				BeforeProcessingInitializeOnLoad (115ms)
				ProcessInitializeOnLoadAttributes (345ms)
				ProcessInitializeOnLoadMethodAttributes (32ms)
				AfterProcessingInitializeOnLoad (11ms)
				EditorAssembliesLoaded (0ms)
			ExecutionOrderSort2 (0ms)
			AwakeInstancesAfterBackupRestoration (8ms)
Platform modules already initialized, skipping
========================================================================
Worker process is ready to serve import requests
Launched and connected shader compiler UnityShaderCompiler.exe after 0.05 seconds
Refreshing native plugins compatible for Editor in 0.66 ms, found 3 plugins.
Preloading 0 native plugins for Editor in 0.00 ms.
Unloading 3362 Unused Serialized files (Serialized files now loaded: 0)
Unloading 27 unused Assets / (113.4 KB). Loaded Objects now: 3829.
Memory consumption went from 121.2 MB to 121.0 MB.
Total: 3.883800 ms (FindLiveObjects: 0.370900 ms CreateObjectMapping: 0.240100 ms MarkObjects: 3.150500 ms  DeleteObjects: 0.120700 ms)

AssetImportParameters requested are different than current active one (requested -> active):
  custom:video-decoder-ogg-theora: a1e56fd34408186e4bbccfd4996cb3dc -> 
  custom:container-muxer-webm: aa71ff27fc2769a1b78a27578f13a17b -> 
  custom:container-demuxer-webm: 4f35f7cbe854078d1ac9338744f61a02 -> 
  custom:video-encoder-webm-vp8: eb34c28f22e8b96e1ab97ce403110664 -> 
  custom:audio-encoder-webm-vorbis: bf7c407c2cedff20999df2af8eb42d56 -> 
  custom:framework-win-MediaFoundation: 216162199b28c13a410421893ffa2e32 -> 
  custom:container-demuxer-ogg: 62fdf1f143b41e24485cea50d1cbac27 -> 
  custom:video-decoder-webm-vp8: 9c59270c3fd7afecdb556c50c9e8de78 -> 
  custom:audio-decoder-ogg-vorbis: bf7c407c2cedff20999df2af8eb42d56 -> 
========================================================================
Received Import Request.
  Time since last request: 8806.917684 seconds.
  path: Assets/True_Horror/True_Pumpkin
  artifactKey: Guid(7e25a09cd445b4642abf152fe830fad4) Importer(815301076,1909f56bfc062723c751e8b465ee728b)
Start importing Assets/True_Horror/True_Pumpkin using Guid(7e25a09cd445b4642abf152fe830fad4) Importer(815301076,1909f56bfc062723c751e8b465ee728b)  -> (artifact id: 'a23ef6114659d7ceb6ae8f88bd50705f') in 0.021214 seconds 
========================================================================
Received Import Request.
  Time since last request: 0.051477 seconds.
  path: Assets/True_Horror/True_Pumpkin/pumpkin_king.fbx
  artifactKey: Guid(0b40793d471baab40aea2b7bb1831c8c) Importer(815301076,1909f56bfc062723c751e8b465ee728b)
Start importing Assets/True_Horror/True_Pumpkin/pumpkin_king.fbx using Guid(0b40793d471baab40aea2b7bb1831c8c) Importer(815301076,1909f56bfc062723c751e8b465ee728b)  -> (artifact id: '0bbcd37802616ba2589abf2dec1c83fb') in 0.819369 seconds 
========================================================================
Received Import Request.
  Time since last request: 5.134412 seconds.
  path: Assets/Kevin Iglesias/SkeletonOutlaw
  artifactKey: Guid(20188d1d42d39f94a97068d561b8d706) Importer(815301076,1909f56bfc062723c751e8b465ee728b)
Start importing Assets/Kevin Iglesias/SkeletonOutlaw using Guid(20188d1d42d39f94a97068d561b8d706) Importer(815301076,1909f56bfc062723c751e8b465ee728b)  -> (artifact id: '9af7501d82aa884019e73bcb795a79db') in 0.013418 seconds 
========================================================================
Received Import Request.
  Time since last request: 2.752289 seconds.
  path: Assets/Kevin Iglesias/SkeletonOutlaw/Prefabs
  artifactKey: Guid(fc26fa72bbfc0f84f80835c8a53abad8) Importer(815301076,1909f56bfc062723c751e8b465ee728b)
Start importing Assets/Kevin Iglesias/SkeletonOutlaw/Prefabs using Guid(fc26fa72bbfc0f84f80835c8a53abad8) Importer(815301076,1909f56bfc062723c751e8b465ee728b)  -> (artifact id: '8b8925bfeb58f959f57da41605ec280a') in 0.015678 seconds 
========================================================================
Received Import Request.
  Time since last request: 0.075607 seconds.
  path: Assets/Kevin Iglesias/SkeletonOutlaw/Prefabs/SkeletonOutlaw_Armor - LOD0.prefab
  artifactKey: Guid(cbba07a6ac8fd9648a0ee26df90297e9) Importer(815301076,1909f56bfc062723c751e8b465ee728b)
Start importing Assets/Kevin Iglesias/SkeletonOutlaw/Prefabs/SkeletonOutlaw_Armor - LOD0.prefab using Guid(cbba07a6ac8fd9648a0ee26df90297e9) Importer(815301076,1909f56bfc062723c751e8b465ee728b)  -> (artifact id: '52c28862f79eb75c920c6d456068c284') in 0.196358 seconds 
========================================================================
Received Import Request.
  Time since last request: 0.000131 seconds.
  path: Assets/Kevin Iglesias/SkeletonOutlaw/Prefabs/SkeletonOutlaw_NoArmor - LOD1.prefab
  artifactKey: Guid(186d1f74b625fa744abf8a07b350ce1d) Importer(815301076,1909f56bfc062723c751e8b465ee728b)
Start importing Assets/Kevin Iglesias/SkeletonOutlaw/Prefabs/SkeletonOutlaw_NoArmor - LOD1.prefab using Guid(186d1f74b625fa744abf8a07b350ce1d) Importer(815301076,1909f56bfc062723c751e8b465ee728b)  -> (artifact id: '2b56d24d6430326cfc6cbcab647eb281') in 0.042037 seconds 
========================================================================
Received Import Request.
  Time since last request: 0.000035 seconds.
  path: Assets/Kevin Iglesias/SkeletonOutlaw/Prefabs/SkeletonOutlaw_Armor - LOD1.prefab
  artifactKey: Guid(870982cf02cc258429948de0da1e4ad8) Importer(815301076,1909f56bfc062723c751e8b465ee728b)
Start importing Assets/Kevin Iglesias/SkeletonOutlaw/Prefabs/SkeletonOutlaw_Armor - LOD1.prefab using Guid(870982cf02cc258429948de0da1e4ad8) Importer(815301076,1909f56bfc062723c751e8b465ee728b)  -> (artifact id: 'f808783ea8a4918b877e90f822e14abb') in 0.042066 seconds 
========================================================================
Received Import Request.
  Time since last request: 0.000023 seconds.
  path: Assets/Kevin Iglesias/SkeletonOutlaw/Prefabs/SkeletonOutlaw_NoArmor - LOD0.prefab
  artifactKey: Guid(46ed63af97cc2db47b121fc1b2cc6bf0) Importer(815301076,1909f56bfc062723c751e8b465ee728b)
Start importing Assets/Kevin Iglesias/SkeletonOutlaw/Prefabs/SkeletonOutlaw_NoArmor - LOD0.prefab using Guid(46ed63af97cc2db47b121fc1b2cc6bf0) Importer(815301076,1909f56bfc062723c751e8b465ee728b)  -> (artifact id: 'e64fcf3b9232f9a7b8930c001ca31045') in 0.044536 seconds 
========================================================================
Received Import Request.
  Time since last request: 12.154783 seconds.
  path: Assets/HalloweenPumpkins/Models
  artifactKey: Guid(a0f2832ec1c968844a5e6e54b1db1775) Importer(815301076,1909f56bfc062723c751e8b465ee728b)
Start importing Assets/HalloweenPumpkins/Models using Guid(a0f2832ec1c968844a5e6e54b1db1775) Importer(815301076,1909f56bfc062723c751e8b465ee728b)  -> (artifact id: '453c01582984f7b4cdd1c294795e192f') in 0.010773 seconds 
========================================================================
Received Import Request.
  Time since last request: 0.067361 seconds.
  path: Assets/HalloweenPumpkins/Models/pumpkin_zug_01.fbx
  artifactKey: Guid(d8ac000da200ecf42b42c5e665217ecb) Importer(815301076,1909f56bfc062723c751e8b465ee728b)
Start importing Assets/HalloweenPumpkins/Models/pumpkin_zug_01.fbx using Guid(d8ac000da200ecf42b42c5e665217ecb) Importer(815301076,1909f56bfc062723c751e8b465ee728b)  -> (artifact id: '28f140f6271312420421dcb132f4ee6d') in 0.050237 seconds 
========================================================================
Received Import Request.
  Time since last request: 0.000022 seconds.
  path: Assets/HalloweenPumpkins/Models/pumpkin_zug_04.fbx
  artifactKey: Guid(c1916ecb2542761439984c3719bce15b) Importer(815301076,1909f56bfc062723c751e8b465ee728b)
Start importing Assets/HalloweenPumpkins/Models/pumpkin_zug_04.fbx using Guid(c1916ecb2542761439984c3719bce15b) Importer(815301076,1909f56bfc062723c751e8b465ee728b)  -> (artifact id: 'ef2c2ad070c06dadd98c3b212df6d742') in 0.028994 seconds 
========================================================================
Received Import Request.
  Time since last request: 0.000030 seconds.
  path: Assets/HalloweenPumpkins/Models/pumpkin_zug_02.fbx
  artifactKey: Guid(70c89be39d3901a47a2955e2845197bb) Importer(815301076,1909f56bfc062723c751e8b465ee728b)
Start importing Assets/HalloweenPumpkins/Models/pumpkin_zug_02.fbx using Guid(70c89be39d3901a47a2955e2845197bb) Importer(815301076,1909f56bfc062723c751e8b465ee728b)  -> (artifact id: '259637ad6b19937360d97bfec885bf2f') in 0.028218 seconds 
========================================================================
Received Import Request.
  Time since last request: 0.000022 seconds.
  path: Assets/HalloweenPumpkins/Models/pumpkin_zug_03.fbx
  artifactKey: Guid(a7cd4787544b0954bb795138e46ba16a) Importer(815301076,1909f56bfc062723c751e8b465ee728b)
Start importing Assets/HalloweenPumpkins/Models/pumpkin_zug_03.fbx using Guid(a7cd4787544b0954bb795138e46ba16a) Importer(815301076,1909f56bfc062723c751e8b465ee728b)  -> (artifact id: 'ee7f4c0cb1e87c932b5daf904e9ceffc') in 0.023812 seconds 
========================================================================
Received Import Request.
  Time since last request: 0.000020 seconds.
  path: Assets/HalloweenPumpkins/Models/pumpkin_zug_05.fbx
  artifactKey: Guid(e16208e2debdc4a40a670769944df73c) Importer(815301076,1909f56bfc062723c751e8b465ee728b)
Start importing Assets/HalloweenPumpkins/Models/pumpkin_zug_05.fbx using Guid(e16208e2debdc4a40a670769944df73c) Importer(815301076,1909f56bfc062723c751e8b465ee728b)  -> (artifact id: '9431c7f8ef1c268d24d769b6cc698cb9') in 0.023748 seconds 
